# JRE version: Java(TM) SE Runtime Environment (7.0_45-b18) (build 1.7.0_45-b18)
# Java VM: Java HotSpot(TM) 64-Bit Server VM (24.45-b08 mixed mode linux-amd64 compressed oops)
Heap
 PSYoungGen      total 44544K, used 19642K [0x00000000f5500000, 0x00000000f8200000, 0x0000000100000000)
  eden space 43008K, 42% used [0x00000000f5500000,0x00000000f66aeab0,0x00000000f7f00000)
  from space 1536K, 100% used [0x00000000f8080000,0x00000000f8200000,0x00000000f8200000)
  to   space 1536K, 0% used [0x00000000f7f00000,0x00000000f7f00000,0x00000000f8080000)
 ParOldGen       total 27648K, used 16191K [0x00000000e0000000, 0x00000000e1b00000, 0x00000000f5500000)
  object space 27648K, 58% used [0x00000000e0000000,0x00000000e0fcffc0,0x00000000e1b00000)
 PSPermGen       total 21504K, used 15366K [0x00000000d0000000, 0x00000000d1500000, 0x00000000e0000000)
  object space 21504K, 71% used [0x00000000d0000000,0x00000000d0f01910,0x00000000d1500000)
GC Heap History (8 events):
Event: 0,553 GC heap before
{Heap before GC invocations=1 (full 0):
 PSYoungGen      total 12288K, used 10752K [0x00000000f5500000, 0x00000000f6280000, 0x0000000100000000)
  eden space 10752K, 100% used [0x00000000f5500000,0x00000000f5f80000,0x00000000f5f80000)
  from space 1536K, 0% used [0x00000000f6100000,0x00000000f6100000,0x00000000f6280000)
  to   space 1536K, 0% used [0x00000000f5f80000,0x00000000f5f80000,0x00000000f6100000)
 ParOldGen       total 27648K, used 0K [0x00000000e0000000, 0x00000000e1b00000, 0x00000000f5500000)
  object space 27648K, 0% used [0x00000000e0000000,0x00000000e0000000,0x00000000e1b00000)
 PSPermGen       total 21504K, used 5478K [0x00000000d0000000, 0x00000000d1500000, 0x00000000e0000000)
  object space 21504K, 25% used [0x00000000d0000000,0x00000000d0559a00,0x00000000d1500000)
Event: 0,559 GC heap after
Heap after GC invocations=1 (full 0):
 PSYoungGen      total 12288K, used 1520K [0x00000000f5500000, 0x00000000f6d00000, 0x0000000100000000)
  eden space 10752K, 0% used [0x00000000f5500000,0x00000000f5500000,0x00000000f5f80000)
  from space 1536K, 98% used [0x00000000f5f80000,0x00000000f60fc010,0x00000000f6100000)
  to   space 1536K, 0% used [0x00000000f6b80000,0x00000000f6b80000,0x00000000f6d00000)
 ParOldGen       total 27648K, used 1191K [0x00000000e0000000, 0x00000000e1b00000, 0x00000000f5500000)
  object space 27648K, 4% used [0x00000000e0000000,0x00000000e0129d90,0x00000000e1b00000)
 PSPermGen       total 21504K, used 5478K [0x00000000d0000000, 0x00000000d1500000, 0x00000000e0000000)
  object space 21504K, 25% used [0x00000000d0000000,0x00000000d0559a00,0x00000000d1500000)
}
Event: 0,841 GC heap before
{Heap before GC invocations=2 (full 0):
 PSYoungGen      total 12288K, used 12272K [0x00000000f5500000, 0x00000000f6d00000, 0x0000000100000000)
  eden space 10752K, 100% used [0x00000000f5500000,0x00000000f5f80000,0x00000000f5f80000)
  from space 1536K, 98% used [0x00000000f5f80000,0x00000000f60fc010,0x00000000f6100000)
  to   space 1536K, 0% used [0x00000000f6b80000,0x00000000f6b80000,0x00000000f6d00000)
 ParOldGen       total 27648K, used 1191K [0x00000000e0000000, 0x00000000e1b00000, 0x00000000f5500000)
  object space 27648K, 4% used [0x00000000e0000000,0x00000000e0129d90,0x00000000e1b00000)
 PSPermGen       total 21504K, used 6125K [0x00000000d0000000, 0x00000000d1500000, 0x00000000e0000000)
  object space 21504K, 28% used [0x00000000d0000000,0x00000000d05fb6c0,0x00000000d1500000)
Event: 0,851 GC heap after
Heap after GC invocations=2 (full 0):
 PSYoungGen      total 23040K, used 1504K [0x00000000f5500000, 0x00000000f6d00000, 0x0000000100000000)
  eden space 21504K, 0% used [0x00000000f5500000,0x00000000f5500000,0x00000000f6a00000)
  from space 1536K, 97% used [0x00000000f6b80000,0x00000000f6cf8010,0x00000000f6d00000)
  to   space 1536K, 0% used [0x00000000f6a00000,0x00000000f6a00000,0x00000000f6b80000)
 ParOldGen       total 27648K, used 5618K [0x00000000e0000000, 0x00000000e1b00000, 0x00000000f5500000)
  object space 27648K, 20% used [0x00000000e0000000,0x00000000e057c880,0x00000000e1b00000)
 PSPermGen       total 21504K, used 6125K [0x00000000d0000000, 0x00000000d1500000, 0x00000000e0000000)
  object space 21504K, 28% used [0x00000000d0000000,0x00000000d05fb6c0,0x00000000d1500000)
}
Event: 1,803 GC heap before
{Heap before GC invocations=3 (full 0):
 PSYoungGen      total 23040K, used 23008K [0x00000000f5500000, 0x00000000f6d00000, 0x0000000100000000)
  eden space 21504K, 100% used [0x00000000f5500000,0x00000000f6a00000,0x00000000f6a00000)
  from space 1536K, 97% used [0x00000000f6b80000,0x00000000f6cf8010,0x00000000f6d00000)
  to   space 1536K, 0% used [0x00000000f6a00000,0x00000000f6a00000,0x00000000f6b80000)
 ParOldGen       total 27648K, used 5618K [0x00000000e0000000, 0x00000000e1b00000, 0x00000000f5500000)
  object space 27648K, 20% used [0x00000000e0000000,0x00000000e057c880,0x00000000e1b00000)
 PSPermGen       total 21504K, used 10516K [0x00000000d0000000, 0x00000000d1500000, 0x00000000e0000000)
  object space 21504K, 48% used [0x00000000d0000000,0x00000000d0a45320,0x00000000d1500000)
Event: 1,814 GC heap after
Heap after GC invocations=3 (full 0):
 PSYoungGen      total 23040K, used 1536K [0x00000000f5500000, 0x00000000f8200000, 0x0000000100000000)
  eden space 21504K, 0% used [0x00000000f5500000,0x00000000f5500000,0x00000000f6a00000)
  from space 1536K, 100% used [0x00000000f6a00000,0x00000000f6b80000,0x00000000f6b80000)
  to   space 1536K, 0% used [0x00000000f8080000,0x00000000f8080000,0x00000000f8200000)
 ParOldGen       total 27648K, used 10484K [0x00000000e0000000, 0x00000000e1b00000, 0x00000000f5500000)
  object space 27648K, 37% used [0x00000000e0000000,0x00000000e0a3d020,0x00000000e1b00000)
 PSPermGen       total 21504K, used 10516K [0x00000000d0000000, 0x00000000d1500000, 0x00000000e0000000)
  object space 21504K, 48% used [0x00000000d0000000,0x00000000d0a45320,0x00000000d1500000)
}
Event: 2,439 GC heap before
{Heap before GC invocations=4 (full 0):
 PSYoungGen      total 23040K, used 23040K [0x00000000f5500000, 0x00000000f8200000, 0x0000000100000000)
  eden space 21504K, 100% used [0x00000000f5500000,0x00000000f6a00000,0x00000000f6a00000)
  from space 1536K, 100% used [0x00000000f6a00000,0x00000000f6b80000,0x00000000f6b80000)
  to   space 1536K, 0% used [0x00000000f8080000,0x00000000f8080000,0x00000000f8200000)
 ParOldGen       total 27648K, used 10484K [0x00000000e0000000, 0x00000000e1b00000, 0x00000000f5500000)
  object space 27648K, 37% used [0x00000000e0000000,0x00000000e0a3d020,0x00000000e1b00000)
 PSPermGen       total 21504K, used 10589K [0x00000000d0000000, 0x00000000d1500000, 0x00000000e0000000)
  object space 21504K, 49% used [0x00000000d0000000,0x00000000d0a57690,0x00000000d1500000)
Event: 2,450 GC heap after
Heap after GC invocations=4 (full 0):
 PSYoungGen      total 44544K, used 1536K [0x00000000f5500000, 0x00000000f8200000, 0x0000000100000000)
  eden space 43008K, 0% used [0x00000000f5500000,0x00000000f5500000,0x00000000f7f00000)
  from space 1536K, 100% used [0x00000000f8080000,0x00000000f8200000,0x00000000f8200000)
  to   space 1536K, 0% used [0x00000000f7f00000,0x00000000f7f00000,0x00000000f8080000)
 ParOldGen       total 27648K, used 16191K [0x00000000e0000000, 0x00000000e1b00000, 0x00000000f5500000)
  object space 27648K, 58% used [0x00000000e0000000,0x00000000e0fcffc0,0x00000000e1b00000)
 PSPermGen       total 21504K, used 10589K [0x00000000d0000000, 0x00000000d1500000, 0x00000000e0000000)
  object space 21504K, 49% used [0x00000000d0000000,0x00000000d0a57690,0x00000000d1500000)
}

