# JRE version: Java(TM) SE Runtime Environment (7.0_45-b18) (build 1.7.0_45-b18)
# Java VM: Java HotSpot(TM) 64-Bit Server VM (24.45-b08 mixed mode linux-amd64 compressed oops)
Heap
 PSYoungGen      total 23040K, used 18828K [0x00000000f5500000, 0x00000000f8e00000, 0x0000000100000000)
  eden space 21504K, 80% used [0x00000000f5500000,0x00000000f65e7250,0x00000000f6a00000)
  from space 1536K, 98% used [0x00000000f6a00000,0x00000000f6b7c020,0x00000000f6b80000)
  to   space 7680K, 0% used [0x00000000f8680000,0x00000000f8680000,0x00000000f8e00000)
 ParOldGen       total 27648K, used 16195K [0x00000000e0000000, 0x00000000e1b00000, 0x00000000f5500000)
  object space 27648K, 58% used [0x00000000e0000000,0x00000000e0fd0f48,0x00000000e1b00000)
 PSPermGen       total 21504K, used 15366K [0x00000000d0000000, 0x00000000d1500000, 0x00000000e0000000)
  object space 21504K, 71% used [0x00000000d0000000,0x00000000d0f01970,0x00000000d1500000)
GC Heap History (10 events):
Event: 0,598 GC heap before
{Heap before GC invocations=1 (full 0):
 PSYoungGen      total 12288K, used 10752K [0x00000000f5500000, 0x00000000f6280000, 0x0000000100000000)
  eden space 10752K, 100% used [0x00000000f5500000,0x00000000f5f80000,0x00000000f5f80000)
  from space 1536K, 0% used [0x00000000f6100000,0x00000000f6100000,0x00000000f6280000)
  to   space 1536K, 0% used [0x00000000f5f80000,0x00000000f5f80000,0x00000000f6100000)
 ParOldGen       total 27648K, used 0K [0x00000000e0000000, 0x00000000e1b00000, 0x00000000f5500000)
  object space 27648K, 0% used [0x00000000e0000000,0x00000000e0000000,0x00000000e1b00000)
 PSPermGen       total 21504K, used 5478K [0x00000000d0000000, 0x00000000d1500000, 0x00000000e0000000)
  object space 21504K, 25% used [0x00000000d0000000,0x00000000d0559a40,0x00000000d1500000)
Event: 0,603 GC heap after
Heap after GC invocations=1 (full 0):
 PSYoungGen      total 12288K, used 1536K [0x00000000f5500000, 0x00000000f6280000, 0x0000000100000000)
  eden space 10752K, 0% used [0x00000000f5500000,0x00000000f5500000,0x00000000f5f80000)
  from space 1536K, 100% used [0x00000000f5f80000,0x00000000f6100000,0x00000000f6100000)
  to   space 1536K, 0% used [0x00000000f6100000,0x00000000f6100000,0x00000000f6280000)
 ParOldGen       total 27648K, used 1179K [0x00000000e0000000, 0x00000000e1b00000, 0x00000000f5500000)
  object space 27648K, 4% used [0x00000000e0000000,0x00000000e0126ef0,0x00000000e1b00000)
 PSPermGen       total 21504K, used 5478K [0x00000000d0000000, 0x00000000d1500000, 0x00000000e0000000)
  object space 21504K, 25% used [0x00000000d0000000,0x00000000d0559a40,0x00000000d1500000)
}
Event: 0,884 GC heap before
{Heap before GC invocations=2 (full 0):
 PSYoungGen      total 12288K, used 12288K [0x00000000f5500000, 0x00000000f6280000, 0x0000000100000000)
  eden space 10752K, 100% used [0x00000000f5500000,0x00000000f5f80000,0x00000000f5f80000)
  from space 1536K, 100% used [0x00000000f5f80000,0x00000000f6100000,0x00000000f6100000)
  to   space 1536K, 0% used [0x00000000f6100000,0x00000000f6100000,0x00000000f6280000)
 ParOldGen       total 27648K, used 1179K [0x00000000e0000000, 0x00000000e1b00000, 0x00000000f5500000)
  object space 27648K, 4% used [0x00000000e0000000,0x00000000e0126ef0,0x00000000e1b00000)
 PSPermGen       total 21504K, used 6125K [0x00000000d0000000, 0x00000000d1500000, 0x00000000e0000000)
  object space 21504K, 28% used [0x00000000d0000000,0x00000000d05fb760,0x00000000d1500000)
Event: 0,894 GC heap after
Heap after GC invocations=2 (full 0):
 PSYoungGen      total 12288K, used 1520K [0x00000000f5500000, 0x00000000f6d00000, 0x0000000100000000)
  eden space 10752K, 0% used [0x00000000f5500000,0x00000000f5500000,0x00000000f5f80000)
  from space 1536K, 98% used [0x00000000f6100000,0x00000000f627c030,0x00000000f6280000)
  to   space 1536K, 0% used [0x00000000f5f80000,0x00000000f5f80000,0x00000000f6100000)
 ParOldGen       total 27648K, used 5615K [0x00000000e0000000, 0x00000000e1b00000, 0x00000000f5500000)
  object space 27648K, 20% used [0x00000000e0000000,0x00000000e057bd80,0x00000000e1b00000)
 PSPermGen       total 21504K, used 6125K [0x00000000d0000000, 0x00000000d1500000, 0x00000000e0000000)
  object space 21504K, 28% used [0x00000000d0000000,0x00000000d05fb760,0x00000000d1500000)
}
Event: 1,274 GC heap before
{Heap before GC invocations=3 (full 0):
 PSYoungGen      total 12288K, used 12272K [0x00000000f5500000, 0x00000000f6d00000, 0x0000000100000000)
  eden space 10752K, 100% used [0x00000000f5500000,0x00000000f5f80000,0x00000000f5f80000)
  from space 1536K, 98% used [0x00000000f6100000,0x00000000f627c030,0x00000000f6280000)
  to   space 1536K, 0% used [0x00000000f5f80000,0x00000000f5f80000,0x00000000f6100000)
 ParOldGen       total 27648K, used 5615K [0x00000000e0000000, 0x00000000e1b00000, 0x00000000f5500000)
  object space 27648K, 20% used [0x00000000e0000000,0x00000000e057bd80,0x00000000e1b00000)
 PSPermGen       total 21504K, used 7983K [0x00000000d0000000, 0x00000000d1500000, 0x00000000e0000000)
  object space 21504K, 37% used [0x00000000d0000000,0x00000000d07cbfb8,0x00000000d1500000)
Event: 1,283 GC heap after
Heap after GC invocations=3 (full 0):
 PSYoungGen      total 12288K, used 1504K [0x00000000f5500000, 0x00000000f6d00000, 0x0000000100000000)
  eden space 10752K, 0% used [0x00000000f5500000,0x00000000f5500000,0x00000000f5f80000)
  from space 1536K, 97% used [0x00000000f5f80000,0x00000000f60f8010,0x00000000f6100000)
  to   space 1536K, 0% used [0x00000000f6b80000,0x00000000f6b80000,0x00000000f6d00000)
 ParOldGen       total 27648K, used 7644K [0x00000000e0000000, 0x00000000e1b00000, 0x00000000f5500000)
  object space 27648K, 27% used [0x00000000e0000000,0x00000000e0777020,0x00000000e1b00000)
 PSPermGen       total 21504K, used 7983K [0x00000000d0000000, 0x00000000d1500000, 0x00000000e0000000)
  object space 21504K, 37% used [0x00000000d0000000,0x00000000d07cbfb8,0x00000000d1500000)
}
Event: 1,929 GC heap before
{Heap before GC invocations=4 (full 0):
 PSYoungGen      total 12288K, used 12256K [0x00000000f5500000, 0x00000000f6d00000, 0x0000000100000000)
  eden space 10752K, 100% used [0x00000000f5500000,0x00000000f5f80000,0x00000000f5f80000)
  from space 1536K, 97% used [0x00000000f5f80000,0x00000000f60f8010,0x00000000f6100000)
  to   space 1536K, 0% used [0x00000000f6b80000,0x00000000f6b80000,0x00000000f6d00000)
 ParOldGen       total 27648K, used 7644K [0x00000000e0000000, 0x00000000e1b00000, 0x00000000f5500000)
  object space 27648K, 27% used [0x00000000e0000000,0x00000000e0777020,0x00000000e1b00000)
 PSPermGen       total 21504K, used 10521K [0x00000000d0000000, 0x00000000d1500000, 0x00000000e0000000)
  object space 21504K, 48% used [0x00000000d0000000,0x00000000d0a466c0,0x00000000d1500000)
Event: 1,937 GC heap after
Heap after GC invocations=4 (full 0):
 PSYoungGen      total 23040K, used 1520K [0x00000000f5500000, 0x00000000f6d00000, 0x0000000100000000)
  eden space 21504K, 0% used [0x00000000f5500000,0x00000000f5500000,0x00000000f6a00000)
  from space 1536K, 98% used [0x00000000f6b80000,0x00000000f6cfc020,0x00000000f6d00000)
  to   space 1536K, 0% used [0x00000000f6a00000,0x00000000f6a00000,0x00000000f6b80000)
 ParOldGen       total 27648K, used 10600K [0x00000000e0000000, 0x00000000e1b00000, 0x00000000f5500000)
  object space 27648K, 38% used [0x00000000e0000000,0x00000000e0a5a190,0x00000000e1b00000)
 PSPermGen       total 21504K, used 10521K [0x00000000d0000000, 0x00000000d1500000, 0x00000000e0000000)
  object space 21504K, 48% used [0x00000000d0000000,0x00000000d0a466c0,0x00000000d1500000)
}
Event: 2,566 GC heap before
{Heap before GC invocations=5 (full 0):
 PSYoungGen      total 23040K, used 23024K [0x00000000f5500000, 0x00000000f6d00000, 0x0000000100000000)
  eden space 21504K, 100% used [0x00000000f5500000,0x00000000f6a00000,0x00000000f6a00000)
  from space 1536K, 98% used [0x00000000f6b80000,0x00000000f6cfc020,0x00000000f6d00000)
  to   space 1536K, 0% used [0x00000000f6a00000,0x00000000f6a00000,0x00000000f6b80000)
 ParOldGen       total 27648K, used 10600K [0x00000000e0000000, 0x00000000e1b00000, 0x00000000f5500000)
  object space 27648K, 38% used [0x00000000e0000000,0x00000000e0a5a190,0x00000000e1b00000)
 PSPermGen       total 21504K, used 10588K [0x00000000d0000000, 0x00000000d1500000, 0x00000000e0000000)
  object space 21504K, 49% used [0x00000000d0000000,0x00000000d0a570d8,0x00000000d1500000)
Event: 2,578 GC heap after
Heap after GC invocations=5 (full 0):
 PSYoungGen      total 23040K, used 1520K [0x00000000f5500000, 0x00000000f8e00000, 0x0000000100000000)
  eden space 21504K, 0% used [0x00000000f5500000,0x00000000f5500000,0x00000000f6a00000)
  from space 1536K, 98% used [0x00000000f6a00000,0x00000000f6b7c020,0x00000000f6b80000)
  to   space 7680K, 0% used [0x00000000f8680000,0x00000000f8680000,0x00000000f8e00000)
 ParOldGen       total 27648K, used 16195K [0x00000000e0000000, 0x00000000e1b00000, 0x00000000f5500000)
  object space 27648K, 58% used [0x00000000e0000000,0x00000000e0fd0f48,0x00000000e1b00000)
 PSPermGen       total 21504K, used 10588K [0x00000000d0000000, 0x00000000d1500000, 0x00000000e0000000)
  object space 21504K, 49% used [0x00000000d0000000,0x00000000d0a570d8,0x00000000d1500000)
}

